2025-04-24T10:48:48.485+05:30  INFO 14724 --- [Blood_bank_management_Demo] [restartedMain] c.c.d.BloodBankManagementDemoApplication : Starting BloodBankManagementDemoApplication using Java 21.0.5 with PID 14724 (C:\Users\shaik-ismail\OneDrive - HCL TECHNOLOGIES LIMITED\Desktop\Pull project folder\blood_bank_management_system\target\classes started by shaik-ismail in C:\Users\shaik-ismail\OneDrive - HCL TECHNOLOGIES LIMITED\Desktop\Pull project folder\blood_bank_management_system)
2025-04-24T10:48:48.530+05:30  INFO 14724 --- [Blood_bank_management_Demo] [restartedMain] c.c.d.BloodBankManagementDemoApplication : No active profile set, falling back to 1 default profile: "default"
2025-04-24T10:48:48.673+05:30  INFO 14724 --- [Blood_bank_management_Demo] [restartedMain] .e.DevToolsPropertyDefaultsPostProcessor : Devtools property defaults active! Set 'spring.devtools.add-properties' to 'false' to disable
2025-04-24T10:48:48.675+05:30  INFO 14724 --- [Blood_bank_management_Demo] [restartedMain] .e.DevToolsPropertyDefaultsPostProcessor : For additional web related logging consider setting the 'logging.level.web' property to 'DEBUG'
2025-04-24T10:48:52.587+05:30  INFO 14724 --- [Blood_bank_management_Demo] [restartedMain] .s.d.r.c.RepositoryConfigurationDelegate : Bootstrapping Spring Data JPA repositories in DEFAULT mode.
2025-04-24T10:48:53.079+05:30  INFO 14724 --- [Blood_bank_management_Demo] [restartedMain] .s.d.r.c.RepositoryConfigurationDelegate : Finished Spring Data repository scanning in 449 ms. Found 5 JPA repository interfaces.
2025-04-24T10:48:54.832+05:30  INFO 14724 --- [Blood_bank_management_Demo] [restartedMain] o.s.b.w.embedded.tomcat.TomcatWebServer  : Tomcat initialized with port 9090 (http)
2025-04-24T10:48:54.876+05:30  INFO 14724 --- [Blood_bank_management_Demo] [restartedMain] o.apache.catalina.core.StandardService   : Starting service [Tomcat]
2025-04-24T10:48:54.877+05:30  INFO 14724 --- [Blood_bank_management_Demo] [restartedMain] o.apache.catalina.core.StandardEngine    : Starting Servlet engine: [Apache Tomcat/10.1.39]
2025-04-24T10:48:55.316+05:30  INFO 14724 --- [Blood_bank_management_Demo] [restartedMain] o.a.c.c.C.[Tomcat].[localhost].[/]       : Initializing Spring embedded WebApplicationContext
2025-04-24T10:48:55.318+05:30  INFO 14724 --- [Blood_bank_management_Demo] [restartedMain] w.s.c.ServletWebServerApplicationContext : Root WebApplicationContext: initialization completed in 6640 ms
2025-04-24T10:48:55.942+05:30  INFO 14724 --- [Blood_bank_management_Demo] [restartedMain] o.hibernate.jpa.internal.util.LogHelper  : HHH000204: Processing PersistenceUnitInfo [name: default]
2025-04-24T10:48:56.143+05:30  INFO 14724 --- [Blood_bank_management_Demo] [restartedMain] org.hibernate.Version                    : HHH000412: Hibernate ORM core version 6.6.11.Final
2025-04-24T10:48:56.284+05:30  INFO 14724 --- [Blood_bank_management_Demo] [restartedMain] o.h.c.internal.RegionFactoryInitiator    : HHH000026: Second-level cache disabled
2025-04-24T10:48:57.347+05:30  INFO 14724 --- [Blood_bank_management_Demo] [restartedMain] o.s.o.j.p.SpringPersistenceUnitInfo      : No LoadTimeWeaver setup: ignoring JPA class transformer
2025-04-24T10:48:57.594+05:30  INFO 14724 --- [Blood_bank_management_Demo] [restartedMain] com.zaxxer.hikari.HikariDataSource       : HikariPool-1 - Starting...
2025-04-24T10:48:59.088+05:30  INFO 14724 --- [Blood_bank_management_Demo] [restartedMain] com.zaxxer.hikari.pool.HikariPool        : HikariPool-1 - Added connection com.mysql.cj.jdbc.ConnectionImpl@45ae8376
2025-04-24T10:48:59.094+05:30  INFO 14724 --- [Blood_bank_management_Demo] [restartedMain] com.zaxxer.hikari.HikariDataSource       : HikariPool-1 - Start completed.
2025-04-24T10:48:59.376+05:30  INFO 14724 --- [Blood_bank_management_Demo] [restartedMain] org.hibernate.orm.connections.pooling    : HHH10001005: Database info:
	Database JDBC URL [Connecting through datasource 'HikariDataSource (HikariPool-1)']
	Database driver: undefined/unknown
	Database version: 8.0.26
	Autocommit mode: undefined/unknown
	Isolation level: undefined/unknown
	Minimum pool size: undefined/unknown
	Maximum pool size: undefined/unknown
2025-04-24T10:49:02.761+05:30  INFO 14724 --- [Blood_bank_management_Demo] [restartedMain] o.h.e.t.j.p.i.JtaPlatformInitiator       : HHH000489: No JTA platform available (set 'hibernate.transaction.jta.platform' to enable JTA platform integration)
2025-04-24T10:49:03.096+05:30  INFO 14724 --- [Blood_bank_management_Demo] [restartedMain] j.LocalContainerEntityManagerFactoryBean : Initialized JPA EntityManagerFactory for persistence unit 'default'
2025-04-24T10:49:04.110+05:30  INFO 14724 --- [Blood_bank_management_Demo] [restartedMain] o.s.d.j.r.query.QueryEnhancerFactory     : Hibernate is in classpath; If applicable, HQL parser will be used.
2025-04-24T10:49:04.962+05:30  WARN 14724 --- [Blood_bank_management_Demo] [restartedMain] JpaBaseConfiguration$JpaWebConfiguration : spring.jpa.open-in-view is enabled by default. Therefore, database queries may be performed during view rendering. Explicitly configure spring.jpa.open-in-view to disable this warning
2025-04-24T10:49:06.239+05:30  WARN 14724 --- [Blood_bank_management_Demo] [restartedMain] ion$DefaultTemplateResolverConfiguration : Cannot find template location: classpath:/templates/ (please add some templates, check your Thymeleaf configuration, or set spring.thymeleaf.check-template-location=false)
2025-04-24T10:49:07.936+05:30  INFO 14724 --- [Blood_bank_management_Demo] [restartedMain] o.s.b.d.a.OptionalLiveReloadServer       : LiveReload server is running on port 35729
2025-04-24T10:49:08.208+05:30  INFO 14724 --- [Blood_bank_management_Demo] [restartedMain] o.s.b.w.embedded.tomcat.TomcatWebServer  : Tomcat started on port 9090 (http) with context path '/'
2025-04-24T10:49:08.250+05:30  INFO 14724 --- [Blood_bank_management_Demo] [restartedMain] c.c.d.BloodBankManagementDemoApplication : Started BloodBankManagementDemoApplication in 20.953 seconds (process running for 29.474)
2025-04-24T10:49:21.882+05:30  INFO 14724 --- [Blood_bank_management_Demo] [http-nio-9090-exec-1] o.a.c.c.C.[Tomcat].[localhost].[/]       : Initializing Spring DispatcherServlet 'dispatcherServlet'
2025-04-24T10:49:21.883+05:30  INFO 14724 --- [Blood_bank_management_Demo] [http-nio-9090-exec-1] o.s.web.servlet.DispatcherServlet        : Initializing Servlet 'dispatcherServlet'
2025-04-24T10:49:21.888+05:30  INFO 14724 --- [Blood_bank_management_Demo] [http-nio-9090-exec-1] o.s.web.servlet.DispatcherServlet        : Completed initialization in 4 ms
2025-04-24T10:49:24.932+05:30  INFO 14724 --- [Blood_bank_management_Demo] [http-nio-9090-exec-7] o.springdoc.api.AbstractOpenApiResource  : Init duration for springdoc-openapi is: 1922 ms
2025-04-24T10:49:41.352+05:30  INFO 14724 --- [Blood_bank_management_Demo] [RMI TCP Connection(2)-127.0.0.1] inMXBeanRegistrar$SpringApplicationAdmin : Application shutdown requested.
2025-04-24T10:49:41.359+05:30  INFO 14724 --- [Blood_bank_management_Demo] [RMI TCP Connection(2)-127.0.0.1] o.s.b.w.e.tomcat.GracefulShutdown        : Commencing graceful shutdown. Waiting for active requests to complete
2025-04-24T10:49:41.418+05:30  INFO 14724 --- [Blood_bank_management_Demo] [tomcat-shutdown] o.s.b.w.e.tomcat.GracefulShutdown        : Graceful shutdown complete
2025-04-24T10:49:41.574+05:30  INFO 14724 --- [Blood_bank_management_Demo] [RMI TCP Connection(2)-127.0.0.1] j.LocalContainerEntityManagerFactoryBean : Closing JPA EntityManagerFactory for persistence unit 'default'
2025-04-24T10:49:41.584+05:30  INFO 14724 --- [Blood_bank_management_Demo] [RMI TCP Connection(2)-127.0.0.1] com.zaxxer.hikari.HikariDataSource       : HikariPool-1 - Shutdown initiated...
2025-04-24T10:49:41.674+05:30  INFO 14724 --- [Blood_bank_management_Demo] [RMI TCP Connection(2)-127.0.0.1] com.zaxxer.hikari.HikariDataSource       : HikariPool-1 - Shutdown completed.
2025-04-24T11:23:51.765+05:30  INFO 21088 --- [Blood_bank_management_Demo] [restartedMain] c.c.d.BloodBankManagementDemoApplication : Starting BloodBankManagementDemoApplication using Java 21.0.5 with PID 21088 (C:\Users\shaik-ismail\OneDrive - HCL TECHNOLOGIES LIMITED\Desktop\Pull project folder\blood_bank_management_system\target\classes started by shaik-ismail in C:\Users\shaik-ismail\OneDrive - HCL TECHNOLOGIES LIMITED\Desktop\Pull project folder\blood_bank_management_system)
2025-04-24T11:23:51.772+05:30  INFO 21088 --- [Blood_bank_management_Demo] [restartedMain] c.c.d.BloodBankManagementDemoApplication : No active profile set, falling back to 1 default profile: "default"
2025-04-24T11:23:51.883+05:30  INFO 21088 --- [Blood_bank_management_Demo] [restartedMain] .e.DevToolsPropertyDefaultsPostProcessor : Devtools property defaults active! Set 'spring.devtools.add-properties' to 'false' to disable
2025-04-24T11:23:51.884+05:30  INFO 21088 --- [Blood_bank_management_Demo] [restartedMain] .e.DevToolsPropertyDefaultsPostProcessor : For additional web related logging consider setting the 'logging.level.web' property to 'DEBUG'
2025-04-24T11:23:54.518+05:30  INFO 21088 --- [Blood_bank_management_Demo] [restartedMain] .s.d.r.c.RepositoryConfigurationDelegate : Bootstrapping Spring Data JPA repositories in DEFAULT mode.
2025-04-24T11:23:54.814+05:30  INFO 21088 --- [Blood_bank_management_Demo] [restartedMain] .s.d.r.c.RepositoryConfigurationDelegate : Finished Spring Data repository scanning in 278 ms. Found 5 JPA repository interfaces.
2025-04-24T11:23:56.092+05:30  INFO 21088 --- [Blood_bank_management_Demo] [restartedMain] o.s.b.w.embedded.tomcat.TomcatWebServer  : Tomcat initialized with port 9090 (http)
2025-04-24T11:23:56.136+05:30  INFO 21088 --- [Blood_bank_management_Demo] [restartedMain] o.apache.catalina.core.StandardService   : Starting service [Tomcat]
2025-04-24T11:23:56.138+05:30  INFO 21088 --- [Blood_bank_management_Demo] [restartedMain] o.apache.catalina.core.StandardEngine    : Starting Servlet engine: [Apache Tomcat/10.1.39]
2025-04-24T11:23:56.464+05:30  INFO 21088 --- [Blood_bank_management_Demo] [restartedMain] o.a.c.c.C.[Tomcat].[localhost].[/]       : Initializing Spring embedded WebApplicationContext
2025-04-24T11:23:56.465+05:30  INFO 21088 --- [Blood_bank_management_Demo] [restartedMain] w.s.c.ServletWebServerApplicationContext : Root WebApplicationContext: initialization completed in 4580 ms
2025-04-24T11:23:56.886+05:30  INFO 21088 --- [Blood_bank_management_Demo] [restartedMain] o.hibernate.jpa.internal.util.LogHelper  : HHH000204: Processing PersistenceUnitInfo [name: default]
2025-04-24T11:23:57.030+05:30  INFO 21088 --- [Blood_bank_management_Demo] [restartedMain] org.hibernate.Version                    : HHH000412: Hibernate ORM core version 6.6.11.Final
2025-04-24T11:23:57.120+05:30  INFO 21088 --- [Blood_bank_management_Demo] [restartedMain] o.h.c.internal.RegionFactoryInitiator    : HHH000026: Second-level cache disabled
2025-04-24T11:23:57.871+05:30  INFO 21088 --- [Blood_bank_management_Demo] [restartedMain] o.s.o.j.p.SpringPersistenceUnitInfo      : No LoadTimeWeaver setup: ignoring JPA class transformer
2025-04-24T11:23:57.953+05:30  INFO 21088 --- [Blood_bank_management_Demo] [restartedMain] com.zaxxer.hikari.HikariDataSource       : HikariPool-1 - Starting...
2025-04-24T11:23:58.791+05:30  INFO 21088 --- [Blood_bank_management_Demo] [restartedMain] com.zaxxer.hikari.pool.HikariPool        : HikariPool-1 - Added connection com.mysql.cj.jdbc.ConnectionImpl@28ed0f92
2025-04-24T11:23:58.796+05:30  INFO 21088 --- [Blood_bank_management_Demo] [restartedMain] com.zaxxer.hikari.HikariDataSource       : HikariPool-1 - Start completed.
2025-04-24T11:23:58.983+05:30  INFO 21088 --- [Blood_bank_management_Demo] [restartedMain] org.hibernate.orm.connections.pooling    : HHH10001005: Database info:
	Database JDBC URL [Connecting through datasource 'HikariDataSource (HikariPool-1)']
	Database driver: undefined/unknown
	Database version: 8.0.26
	Autocommit mode: undefined/unknown
	Isolation level: undefined/unknown
	Minimum pool size: undefined/unknown
	Maximum pool size: undefined/unknown
2025-04-24T11:24:01.711+05:30  INFO 21088 --- [Blood_bank_management_Demo] [restartedMain] o.h.e.t.j.p.i.JtaPlatformInitiator       : HHH000489: No JTA platform available (set 'hibernate.transaction.jta.platform' to enable JTA platform integration)
2025-04-24T11:24:01.925+05:30  INFO 21088 --- [Blood_bank_management_Demo] [restartedMain] j.LocalContainerEntityManagerFactoryBean : Initialized JPA EntityManagerFactory for persistence unit 'default'
2025-04-24T11:24:02.521+05:30  INFO 21088 --- [Blood_bank_management_Demo] [restartedMain] o.s.d.j.r.query.QueryEnhancerFactory     : Hibernate is in classpath; If applicable, HQL parser will be used.
2025-04-24T11:24:03.132+05:30  WARN 21088 --- [Blood_bank_management_Demo] [restartedMain] JpaBaseConfiguration$JpaWebConfiguration : spring.jpa.open-in-view is enabled by default. Therefore, database queries may be performed during view rendering. Explicitly configure spring.jpa.open-in-view to disable this warning
2025-04-24T11:24:03.853+05:30  WARN 21088 --- [Blood_bank_management_Demo] [restartedMain] ion$DefaultTemplateResolverConfiguration : Cannot find template location: classpath:/templates/ (please add some templates, check your Thymeleaf configuration, or set spring.thymeleaf.check-template-location=false)
2025-04-24T11:24:04.653+05:30  INFO 21088 --- [Blood_bank_management_Demo] [restartedMain] o.s.b.d.a.OptionalLiveReloadServer       : LiveReload server is running on port 35729
2025-04-24T11:24:04.813+05:30  INFO 21088 --- [Blood_bank_management_Demo] [restartedMain] o.s.b.w.embedded.tomcat.TomcatWebServer  : Tomcat started on port 9090 (http) with context path '/'
2025-04-24T11:24:04.848+05:30  INFO 21088 --- [Blood_bank_management_Demo] [restartedMain] c.c.d.BloodBankManagementDemoApplication : Started BloodBankManagementDemoApplication in 14.014 seconds (process running for 20.729)
2025-04-24T11:25:47.585+05:30  INFO 21088 --- [Blood_bank_management_Demo] [http-nio-9090-exec-1] o.a.c.c.C.[Tomcat].[localhost].[/]       : Initializing Spring DispatcherServlet 'dispatcherServlet'
2025-04-24T11:25:47.586+05:30  INFO 21088 --- [Blood_bank_management_Demo] [http-nio-9090-exec-1] o.s.web.servlet.DispatcherServlet        : Initializing Servlet 'dispatcherServlet'
2025-04-24T11:25:47.590+05:30  INFO 21088 --- [Blood_bank_management_Demo] [http-nio-9090-exec-1] o.s.web.servlet.DispatcherServlet        : Completed initialization in 3 ms
2025-04-24T11:25:49.824+05:30  INFO 21088 --- [Blood_bank_management_Demo] [http-nio-9090-exec-4] o.springdoc.api.AbstractOpenApiResource  : Init duration for springdoc-openapi is: 1279 ms
2025-04-24T11:28:19.686+05:30  INFO 21088 --- [Blood_bank_management_Demo] [RMI TCP Connection(2)-127.0.0.1] inMXBeanRegistrar$SpringApplicationAdmin : Application shutdown requested.
2025-04-24T11:28:19.692+05:30  INFO 21088 --- [Blood_bank_management_Demo] [RMI TCP Connection(2)-127.0.0.1] o.s.b.w.e.tomcat.GracefulShutdown        : Commencing graceful shutdown. Waiting for active requests to complete
2025-04-24T11:28:19.710+05:30  INFO 21088 --- [Blood_bank_management_Demo] [tomcat-shutdown] o.s.b.w.e.tomcat.GracefulShutdown        : Graceful shutdown complete
2025-04-24T11:28:19.718+05:30  INFO 21088 --- [Blood_bank_management_Demo] [RMI TCP Connection(2)-127.0.0.1] j.LocalContainerEntityManagerFactoryBean : Closing JPA EntityManagerFactory for persistence unit 'default'
2025-04-24T11:28:19.729+05:30  INFO 21088 --- [Blood_bank_management_Demo] [RMI TCP Connection(2)-127.0.0.1] com.zaxxer.hikari.HikariDataSource       : HikariPool-1 - Shutdown initiated...
2025-04-24T11:28:19.783+05:30  INFO 21088 --- [Blood_bank_management_Demo] [RMI TCP Connection(2)-127.0.0.1] com.zaxxer.hikari.HikariDataSource       : HikariPool-1 - Shutdown completed.
2025-04-24T11:29:24.176+05:30  INFO 7740 --- [Blood_bank_management_Demo] [restartedMain] c.c.d.BloodBankManagementDemoApplication : Starting BloodBankManagementDemoApplication using Java 21.0.5 with PID 7740 (C:\Users\shaik-ismail\OneDrive - HCL TECHNOLOGIES LIMITED\Desktop\Pull project folder\blood_bank_management_system\target\classes started by shaik-ismail in C:\Users\shaik-ismail\OneDrive - HCL TECHNOLOGIES LIMITED\Desktop\Pull project folder\blood_bank_management_system)
2025-04-24T11:29:24.184+05:30  INFO 7740 --- [Blood_bank_management_Demo] [restartedMain] c.c.d.BloodBankManagementDemoApplication : No active profile set, falling back to 1 default profile: "default"
2025-04-24T11:29:24.332+05:30  INFO 7740 --- [Blood_bank_management_Demo] [restartedMain] .e.DevToolsPropertyDefaultsPostProcessor : Devtools property defaults active! Set 'spring.devtools.add-properties' to 'false' to disable
2025-04-24T11:29:24.337+05:30  INFO 7740 --- [Blood_bank_management_Demo] [restartedMain] .e.DevToolsPropertyDefaultsPostProcessor : For additional web related logging consider setting the 'logging.level.web' property to 'DEBUG'
2025-04-24T11:29:27.843+05:30  INFO 7740 --- [Blood_bank_management_Demo] [restartedMain] .s.d.r.c.RepositoryConfigurationDelegate : Bootstrapping Spring Data JPA repositories in DEFAULT mode.
2025-04-24T11:29:28.281+05:30  INFO 7740 --- [Blood_bank_management_Demo] [restartedMain] .s.d.r.c.RepositoryConfigurationDelegate : Finished Spring Data repository scanning in 409 ms. Found 5 JPA repository interfaces.
2025-04-24T11:29:29.511+05:30  INFO 7740 --- [Blood_bank_management_Demo] [restartedMain] o.s.b.w.embedded.tomcat.TomcatWebServer  : Tomcat initialized with port 9090 (http)
2025-04-24T11:29:29.558+05:30  INFO 7740 --- [Blood_bank_management_Demo] [restartedMain] o.apache.catalina.core.StandardService   : Starting service [Tomcat]
2025-04-24T11:29:29.559+05:30  INFO 7740 --- [Blood_bank_management_Demo] [restartedMain] o.apache.catalina.core.StandardEngine    : Starting Servlet engine: [Apache Tomcat/10.1.39]
2025-04-24T11:29:29.902+05:30  INFO 7740 --- [Blood_bank_management_Demo] [restartedMain] o.a.c.c.C.[Tomcat].[localhost].[/]       : Initializing Spring embedded WebApplicationContext
2025-04-24T11:29:29.903+05:30  INFO 7740 --- [Blood_bank_management_Demo] [restartedMain] w.s.c.ServletWebServerApplicationContext : Root WebApplicationContext: initialization completed in 5564 ms
2025-04-24T11:29:30.326+05:30  INFO 7740 --- [Blood_bank_management_Demo] [restartedMain] o.hibernate.jpa.internal.util.LogHelper  : HHH000204: Processing PersistenceUnitInfo [name: default]
2025-04-24T11:29:30.446+05:30  INFO 7740 --- [Blood_bank_management_Demo] [restartedMain] org.hibernate.Version                    : HHH000412: Hibernate ORM core version 6.6.11.Final
2025-04-24T11:29:30.515+05:30  INFO 7740 --- [Blood_bank_management_Demo] [restartedMain] o.h.c.internal.RegionFactoryInitiator    : HHH000026: Second-level cache disabled
2025-04-24T11:29:31.153+05:30  INFO 7740 --- [Blood_bank_management_Demo] [restartedMain] o.s.o.j.p.SpringPersistenceUnitInfo      : No LoadTimeWeaver setup: ignoring JPA class transformer
2025-04-24T11:29:31.228+05:30  INFO 7740 --- [Blood_bank_management_Demo] [restartedMain] com.zaxxer.hikari.HikariDataSource       : HikariPool-1 - Starting...
2025-04-24T11:29:32.329+05:30  INFO 7740 --- [Blood_bank_management_Demo] [restartedMain] com.zaxxer.hikari.pool.HikariPool        : HikariPool-1 - Added connection com.mysql.cj.jdbc.ConnectionImpl@23ef6948
2025-04-24T11:29:32.334+05:30  INFO 7740 --- [Blood_bank_management_Demo] [restartedMain] com.zaxxer.hikari.HikariDataSource       : HikariPool-1 - Start completed.
2025-04-24T11:29:32.521+05:30  INFO 7740 --- [Blood_bank_management_Demo] [restartedMain] org.hibernate.orm.connections.pooling    : HHH10001005: Database info:
	Database JDBC URL [Connecting through datasource 'HikariDataSource (HikariPool-1)']
	Database driver: undefined/unknown
	Database version: 8.0.26
	Autocommit mode: undefined/unknown
	Isolation level: undefined/unknown
	Minimum pool size: undefined/unknown
	Maximum pool size: undefined/unknown
2025-04-24T11:29:35.606+05:30  INFO 7740 --- [Blood_bank_management_Demo] [restartedMain] o.h.e.t.j.p.i.JtaPlatformInitiator       : HHH000489: No JTA platform available (set 'hibernate.transaction.jta.platform' to enable JTA platform integration)
2025-04-24T11:29:37.458+05:30  INFO 7740 --- [Blood_bank_management_Demo] [restartedMain] j.LocalContainerEntityManagerFactoryBean : Initialized JPA EntityManagerFactory for persistence unit 'default'
2025-04-24T11:29:38.422+05:30  INFO 7740 --- [Blood_bank_management_Demo] [restartedMain] o.s.d.j.r.query.QueryEnhancerFactory     : Hibernate is in classpath; If applicable, HQL parser will be used.
2025-04-24T11:29:39.091+05:30  WARN 7740 --- [Blood_bank_management_Demo] [restartedMain] JpaBaseConfiguration$JpaWebConfiguration : spring.jpa.open-in-view is enabled by default. Therefore, database queries may be performed during view rendering. Explicitly configure spring.jpa.open-in-view to disable this warning
2025-04-24T11:29:39.966+05:30  WARN 7740 --- [Blood_bank_management_Demo] [restartedMain] ion$DefaultTemplateResolverConfiguration : Cannot find template location: classpath:/templates/ (please add some templates, check your Thymeleaf configuration, or set spring.thymeleaf.check-template-location=false)
2025-04-24T11:29:40.942+05:30  INFO 7740 --- [Blood_bank_management_Demo] [restartedMain] o.s.b.d.a.OptionalLiveReloadServer       : LiveReload server is running on port 35729
2025-04-24T11:29:41.145+05:30  INFO 7740 --- [Blood_bank_management_Demo] [restartedMain] o.s.b.w.embedded.tomcat.TomcatWebServer  : Tomcat started on port 9090 (http) with context path '/'
2025-04-24T11:29:41.166+05:30  INFO 7740 --- [Blood_bank_management_Demo] [restartedMain] c.c.d.BloodBankManagementDemoApplication : Started BloodBankManagementDemoApplication in 18.723 seconds (process running for 30.251)
2025-04-24T11:30:22.962+05:30  INFO 7740 --- [Blood_bank_management_Demo] [http-nio-9090-exec-1] o.a.c.c.C.[Tomcat].[localhost].[/]       : Initializing Spring DispatcherServlet 'dispatcherServlet'
2025-04-24T11:30:22.963+05:30  INFO 7740 --- [Blood_bank_management_Demo] [http-nio-9090-exec-1] o.s.web.servlet.DispatcherServlet        : Initializing Servlet 'dispatcherServlet'
2025-04-24T11:30:22.966+05:30  INFO 7740 --- [Blood_bank_management_Demo] [http-nio-9090-exec-1] o.s.web.servlet.DispatcherServlet        : Completed initialization in 3 ms
2025-04-24T11:30:24.826+05:30  INFO 7740 --- [Blood_bank_management_Demo] [http-nio-9090-exec-4] o.springdoc.api.AbstractOpenApiResource  : Init duration for springdoc-openapi is: 1270 ms
2025-04-24T11:30:37.306+05:30  INFO 7740 --- [Blood_bank_management_Demo] [http-nio-9090-exec-5] c.c.d.controller.UserDetailsController   : Cusor enter in to getUserDetailsById controller 2
2025-04-24T11:30:37.307+05:30  INFO 7740 --- [Blood_bank_management_Demo] [http-nio-9090-exec-5] c.c.d.service.MyUserDetailsServiceImpl   : Cursor Enter in to getUserDetailsById inside service ====>  2
2025-04-24T11:30:37.500+05:30  WARN 7740 --- [Blood_bank_management_Demo] [http-nio-9090-exec-5] .m.m.a.ExceptionHandlerExceptionResolver : Resolved [com.capstone.demo.exception.UserNotFoundException: User Not Found With this ID 2]
2025-04-24T11:31:20.301+05:30  INFO 7740 --- [Blood_bank_management_Demo] [http-nio-9090-exec-6] c.c.d.c.AdminOperationsController        : cursor enter in to admin controller for get all donar details 
2025-04-24T11:31:20.449+05:30  INFO 7740 --- [Blood_bank_management_Demo] [http-nio-9090-exec-6] c.c.d.service.AdminDetailsServiceImpl    : Data from DB : []
2025-04-24T11:31:20.460+05:30  WARN 7740 --- [Blood_bank_management_Demo] [http-nio-9090-exec-6] .m.m.a.ExceptionHandlerExceptionResolver : Resolved [com.capstone.demo.exception.RequesterNotFoundException: Donars are not foud inside the DB ..!]
2025-04-24T11:31:34.063+05:30  INFO 7740 --- [Blood_bank_management_Demo] [http-nio-9090-exec-10] c.c.d.c.AdminOperationsController        : cursor enter in to admin controller for get all reqeuster details 
2025-04-24T11:31:34.064+05:30  INFO 7740 --- [Blood_bank_management_Demo] [http-nio-9090-exec-10] c.c.d.service.AdminDetailsServiceImpl    : Cursor enter in to srevice method inside getAllRequesterForApproval
2025-04-24T11:31:34.088+05:30  WARN 7740 --- [Blood_bank_management_Demo] [http-nio-9090-exec-10] .m.m.a.ExceptionHandlerExceptionResolver : Resolved [com.capstone.demo.exception.RequesterNotFoundException: Requesters are not foud inside the DB ..!]
2025-04-24T11:32:22.416+05:30  INFO 7740 --- [Blood_bank_management_Demo] [http-nio-9090-exec-8] c.c.d.c.BloodAvailabilityController      : Blood group controller method invoce   o+
2025-04-24T11:32:22.417+05:30  INFO 7740 --- [Blood_bank_management_Demo] [http-nio-9090-exec-8] c.c.d.service.BloodAvailabilityService   : Blood Service getBloodDetailsBasedOnBloodGroup invoked ...!
2025-04-24T11:32:22.634+05:30  WARN 7740 --- [Blood_bank_management_Demo] [http-nio-9090-exec-8] .m.m.a.ExceptionHandlerExceptionResolver : Resolved [com.capstone.demo.exception.BloodNotAvailabilityException: Blood not available based on this blood group o+]
2025-04-24T11:32:35.018+05:30  INFO 7740 --- [Blood_bank_management_Demo] [http-nio-9090-exec-9] c.c.d.c.BloodAvailabilityController      : Blood group controller method invoce   pune
2025-04-24T11:32:35.019+05:30  INFO 7740 --- [Blood_bank_management_Demo] [http-nio-9090-exec-9] c.c.d.service.BloodAvailabilityService   : Blood Service getBloodDetailsBasedOnCity invoked ...!
2025-04-24T11:32:35.043+05:30  WARN 7740 --- [Blood_bank_management_Demo] [http-nio-9090-exec-9] .m.m.a.ExceptionHandlerExceptionResolver : Resolved [com.capstone.demo.exception.BloodNotAvailabilityException: Blood not available based on this city pune]
2025-04-24T11:33:37.407+05:30  INFO 7740 --- [Blood_bank_management_Demo] [http-nio-9090-exec-2] c.c.d.c.BloodAvailabilityController      : Blood group controller method invoce   null   B+
2025-04-24T11:33:37.407+05:30  INFO 7740 --- [Blood_bank_management_Demo] [http-nio-9090-exec-2] c.c.d.service.BloodAvailabilityService   : Blood Service getBloodDetails invoked ...!
2025-04-24T11:33:37.419+05:30  WARN 7740 --- [Blood_bank_management_Demo] [http-nio-9090-exec-2] .m.m.a.ExceptionHandlerExceptionResolver : Resolved [com.capstone.demo.exception.BloodNotAvailabilityException: Blood not available based on this citypune and blood group  null]
2025-04-24T11:34:42.207+05:30  INFO 7740 --- [Blood_bank_management_Demo] [File Watcher] rtingClassPathChangeChangedEventListener : Restarting due to 1 class path change (0 additions, 0 deletions, 1 modification)
2025-04-24T11:34:42.231+05:30  INFO 7740 --- [Blood_bank_management_Demo] [Thread-5] o.s.b.w.e.tomcat.GracefulShutdown        : Commencing graceful shutdown. Waiting for active requests to complete
2025-04-24T11:34:42.288+05:30  INFO 7740 --- [Blood_bank_management_Demo] [tomcat-shutdown] o.s.b.w.e.tomcat.GracefulShutdown        : Graceful shutdown complete
2025-04-24T11:34:42.310+05:30  INFO 7740 --- [Blood_bank_management_Demo] [Thread-5] j.LocalContainerEntityManagerFactoryBean : Closing JPA EntityManagerFactory for persistence unit 'default'
2025-04-24T11:34:42.347+05:30  INFO 7740 --- [Blood_bank_management_Demo] [Thread-5] com.zaxxer.hikari.HikariDataSource       : HikariPool-1 - Shutdown initiated...
2025-04-24T11:34:42.458+05:30  INFO 7740 --- [Blood_bank_management_Demo] [Thread-5] com.zaxxer.hikari.HikariDataSource       : HikariPool-1 - Shutdown completed.
2025-04-24T11:34:43.614+05:30  INFO 7740 --- [Blood_bank_management_Demo] [restartedMain] c.c.d.BloodBankManagementDemoApplication : Starting BloodBankManagementDemoApplication using Java 21.0.5 with PID 7740 (C:\Users\shaik-ismail\OneDrive - HCL TECHNOLOGIES LIMITED\Desktop\Pull project folder\blood_bank_management_system\target\classes started by shaik-ismail in C:\Users\shaik-ismail\OneDrive - HCL TECHNOLOGIES LIMITED\Desktop\Pull project folder\blood_bank_management_system)
2025-04-24T11:34:43.615+05:30  INFO 7740 --- [Blood_bank_management_Demo] [restartedMain] c.c.d.BloodBankManagementDemoApplication : No active profile set, falling back to 1 default profile: "default"
2025-04-24T11:34:45.472+05:30  INFO 7740 --- [Blood_bank_management_Demo] [restartedMain] .s.d.r.c.RepositoryConfigurationDelegate : Bootstrapping Spring Data JPA repositories in DEFAULT mode.
2025-04-24T11:34:45.729+05:30  INFO 7740 --- [Blood_bank_management_Demo] [restartedMain] .s.d.r.c.RepositoryConfigurationDelegate : Finished Spring Data repository scanning in 253 ms. Found 5 JPA repository interfaces.
2025-04-24T11:34:46.223+05:30  INFO 7740 --- [Blood_bank_management_Demo] [restartedMain] o.s.b.w.embedded.tomcat.TomcatWebServer  : Tomcat initialized with port 9090 (http)
2025-04-24T11:34:46.228+05:30  INFO 7740 --- [Blood_bank_management_Demo] [restartedMain] o.apache.catalina.core.StandardService   : Starting service [Tomcat]
2025-04-24T11:34:46.229+05:30  INFO 7740 --- [Blood_bank_management_Demo] [restartedMain] o.apache.catalina.core.StandardEngine    : Starting Servlet engine: [Apache Tomcat/10.1.39]
2025-04-24T11:34:46.566+05:30  INFO 7740 --- [Blood_bank_management_Demo] [restartedMain] o.a.c.c.C.[Tomcat].[localhost].[/]       : Initializing Spring embedded WebApplicationContext
2025-04-24T11:34:46.566+05:30  INFO 7740 --- [Blood_bank_management_Demo] [restartedMain] w.s.c.ServletWebServerApplicationContext : Root WebApplicationContext: initialization completed in 2943 ms
2025-04-24T11:34:46.863+05:30  INFO 7740 --- [Blood_bank_management_Demo] [restartedMain] o.hibernate.jpa.internal.util.LogHelper  : HHH000204: Processing PersistenceUnitInfo [name: default]
2025-04-24T11:34:46.884+05:30  INFO 7740 --- [Blood_bank_management_Demo] [restartedMain] o.h.c.internal.RegionFactoryInitiator    : HHH000026: Second-level cache disabled
2025-04-24T11:34:46.944+05:30  INFO 7740 --- [Blood_bank_management_Demo] [restartedMain] o.s.o.j.p.SpringPersistenceUnitInfo      : No LoadTimeWeaver setup: ignoring JPA class transformer
2025-04-24T11:34:46.948+05:30  INFO 7740 --- [Blood_bank_management_Demo] [restartedMain] com.zaxxer.hikari.HikariDataSource       : HikariPool-2 - Starting...
2025-04-24T11:34:47.080+05:30  INFO 7740 --- [Blood_bank_management_Demo] [restartedMain] com.zaxxer.hikari.pool.HikariPool        : HikariPool-2 - Added connection com.mysql.cj.jdbc.ConnectionImpl@36676674
2025-04-24T11:34:47.081+05:30  INFO 7740 --- [Blood_bank_management_Demo] [restartedMain] com.zaxxer.hikari.HikariDataSource       : HikariPool-2 - Start completed.
2025-04-24T11:34:47.086+05:30  INFO 7740 --- [Blood_bank_management_Demo] [restartedMain] org.hibernate.orm.connections.pooling    : HHH10001005: Database info:
	Database JDBC URL [Connecting through datasource 'HikariDataSource (HikariPool-2)']
	Database driver: undefined/unknown
	Database version: 8.0.26
	Autocommit mode: undefined/unknown
	Isolation level: undefined/unknown
	Minimum pool size: undefined/unknown
	Maximum pool size: undefined/unknown
2025-04-24T11:34:47.778+05:30  INFO 7740 --- [Blood_bank_management_Demo] [restartedMain] o.h.e.t.j.p.i.JtaPlatformInitiator       : HHH000489: No JTA platform available (set 'hibernate.transaction.jta.platform' to enable JTA platform integration)
2025-04-24T11:34:47.975+05:30  INFO 7740 --- [Blood_bank_management_Demo] [restartedMain] j.LocalContainerEntityManagerFactoryBean : Initialized JPA EntityManagerFactory for persistence unit 'default'
2025-04-24T11:34:48.580+05:30  WARN 7740 --- [Blood_bank_management_Demo] [restartedMain] JpaBaseConfiguration$JpaWebConfiguration : spring.jpa.open-in-view is enabled by default. Therefore, database queries may be performed during view rendering. Explicitly configure spring.jpa.open-in-view to disable this warning
2025-04-24T11:34:49.064+05:30  WARN 7740 --- [Blood_bank_management_Demo] [restartedMain] ion$DefaultTemplateResolverConfiguration : Cannot find template location: classpath:/templates/ (please add some templates, check your Thymeleaf configuration, or set spring.thymeleaf.check-template-location=false)
2025-04-24T11:34:49.359+05:30  INFO 7740 --- [Blood_bank_management_Demo] [restartedMain] o.s.b.d.a.OptionalLiveReloadServer       : LiveReload server is running on port 35729
2025-04-24T11:34:49.449+05:30  INFO 7740 --- [Blood_bank_management_Demo] [restartedMain] o.s.b.w.embedded.tomcat.TomcatWebServer  : Tomcat started on port 9090 (http) with context path '/'
2025-04-24T11:34:49.458+05:30  INFO 7740 --- [Blood_bank_management_Demo] [restartedMain] c.c.d.BloodBankManagementDemoApplication : Started BloodBankManagementDemoApplication in 6.465 seconds (process running for 338.543)
2025-04-24T11:34:49.464+05:30  INFO 7740 --- [Blood_bank_management_Demo] [restartedMain] .ConditionEvaluationDeltaLoggingListener : Condition evaluation unchanged
2025-04-24T11:34:58.050+05:30  INFO 7740 --- [Blood_bank_management_Demo] [http-nio-9090-exec-4] o.a.c.c.C.[Tomcat].[localhost].[/]       : Initializing Spring DispatcherServlet 'dispatcherServlet'
2025-04-24T11:34:58.050+05:30  INFO 7740 --- [Blood_bank_management_Demo] [http-nio-9090-exec-4] o.s.web.servlet.DispatcherServlet        : Initializing Servlet 'dispatcherServlet'
2025-04-24T11:34:58.053+05:30  INFO 7740 --- [Blood_bank_management_Demo] [http-nio-9090-exec-4] o.s.web.servlet.DispatcherServlet        : Completed initialization in 3 ms
2025-04-24T11:34:58.061+05:30  INFO 7740 --- [Blood_bank_management_Demo] [http-nio-9090-exec-4] c.c.d.c.BloodAvailabilityController      : Blood group controller method invoce   pune   null
2025-04-24T11:34:58.062+05:30  INFO 7740 --- [Blood_bank_management_Demo] [http-nio-9090-exec-4] c.c.d.service.BloodAvailabilityService   : Blood Service getBloodDetails invoked ...!
2025-04-24T11:34:58.081+05:30  WARN 7740 --- [Blood_bank_management_Demo] [http-nio-9090-exec-4] .m.m.a.ExceptionHandlerExceptionResolver : Resolved [com.capstone.demo.exception.BloodNotAvailabilityException: Blood not available based on this citypune and blood group  B+]
2025-04-24T11:48:59.574+05:30  INFO 7740 --- [Blood_bank_management_Demo] [http-nio-9090-exec-3] c.c.d.controller.UserDetailsController   : <==== Cusor enter in to userController method inside ====>  {"userId":null,"firstName":"shaik","lastName":"ismail","bloodGroup":"B+","city":"Kurnool","email":"shaik@gamil.com","phoneNumber":"9052665430","userType":"Donar","passwordHash":"123"}
2025-04-24T11:48:59.575+05:30  INFO 7740 --- [Blood_bank_management_Demo] [http-nio-9090-exec-3] c.c.d.service.MyUserDetailsServiceImpl   : Service method is invoking {"userId":null,"firstName":"shaik","lastName":"ismail","bloodGroup":"B+","city":"Kurnool","email":"shaik@gamil.com","phoneNumber":"9052665430","userType":"Donar","passwordHash":"123"}
2025-04-24T11:48:59.576+05:30  INFO 7740 --- [Blood_bank_management_Demo] [http-nio-9090-exec-3] c.c.d.service.MyUserDetailsServiceImpl   : <================= blood packets ading method is invoke  ============>
2025-04-24T11:48:59.577+05:30  INFO 7740 --- [Blood_bank_management_Demo] [http-nio-9090-exec-3] c.c.d.service.BloodAvailabilityService   : Service addingBloodCountFromDonars invoked...!
2025-04-24T11:48:59.605+05:30  INFO 7740 --- [Blood_bank_management_Demo] [http-nio-9090-exec-3] c.c.d.service.BloodAvailabilityService   : Object form the DB: null
2025-04-24T11:51:37.834+05:30  INFO 7740 --- [Blood_bank_management_Demo] [http-nio-9090-exec-1] c.c.d.controller.UserDetailsController   : Cusor enter in to getUserDetailsById controller 1
2025-04-24T11:51:37.834+05:30  INFO 7740 --- [Blood_bank_management_Demo] [http-nio-9090-exec-1] c.c.d.service.MyUserDetailsServiceImpl   : Cursor Enter in to getUserDetailsById inside service ====>  1
2025-04-24T11:51:56.727+05:30  INFO 7740 --- [Blood_bank_management_Demo] [http-nio-9090-exec-2] c.c.d.c.BloodAvailabilityController      : Blood group controller method invoce   
2025-04-24T11:56:17.062+05:30  INFO 7740 --- [Blood_bank_management_Demo] [http-nio-9090-exec-6] c.c.d.controller.UserDetailsController   : Cusor enter in to getUserDetailsById controller 1
2025-04-24T11:56:17.063+05:30  INFO 7740 --- [Blood_bank_management_Demo] [http-nio-9090-exec-6] c.c.d.service.MyUserDetailsServiceImpl   : Cursor Enter in to getUserDetailsById inside service ====>  1
2025-04-24T11:57:57.189+05:30  INFO 7740 --- [Blood_bank_management_Demo] [http-nio-9090-exec-10] c.c.d.controller.DonarDetailsController  : <========= cursor enter in to getAllRequestOfDonar method inside ==========>  1
2025-04-24T11:57:57.203+05:30  WARN 7740 --- [Blood_bank_management_Demo] [http-nio-9090-exec-10] .m.m.a.ExceptionHandlerExceptionResolver : Resolved [com.capstone.demo.exception.RequesterNotFoundException: Requsters not found to send the donar based on this id 1]
2025-04-24T11:59:21.159+05:30  INFO 7740 --- [Blood_bank_management_Demo] [http-nio-9090-exec-7] c.c.d.controller.DonarDetailsController  : <========= cursor enter in to getAllRequestOfDonar method inside ==========>  1
2025-04-24T11:59:21.171+05:30  WARN 7740 --- [Blood_bank_management_Demo] [http-nio-9090-exec-7] .m.m.a.ExceptionHandlerExceptionResolver : Resolved [com.capstone.demo.exception.RequesterNotFoundException: Requsters not found to send the donar based on this id 1]
2025-04-24T12:01:46.492+05:30  INFO 7740 --- [Blood_bank_management_Demo] [http-nio-9090-exec-8] c.c.d.controller.DonarDetailsController  : Cursor enter in to Doner updation method inside controller
2025-04-24T12:01:46.493+05:30  INFO 7740 --- [Blood_bank_management_Demo] [http-nio-9090-exec-8] c.c.d.service.DonarDetailsServiceImpl    : Service method is invoking 
2025-04-24T12:01:59.350+05:30  INFO 7740 --- [Blood_bank_management_Demo] [http-nio-9090-exec-1] c.c.d.controller.UserDetailsController   : Cusor enter in to getUserDetailsById controller 1
2025-04-24T12:01:59.351+05:30  INFO 7740 --- [Blood_bank_management_Demo] [http-nio-9090-exec-1] c.c.d.service.MyUserDetailsServiceImpl   : Cursor Enter in to getUserDetailsById inside service ====>  1
2025-04-24T12:03:21.695+05:30  INFO 7740 --- [Blood_bank_management_Demo] [http-nio-9090-exec-5] c.c.d.controller.UserDetailsController   : <==== Cusor enter in to userController method inside ====>  {"userId":null,"firstName":"sonu","lastName":"sonu","bloodGroup":"B+","city":"Hyderabad","email":"sonu@gamil.com","phoneNumber":"5678876567","userType":"Requester","passwordHash":"123"}
2025-04-24T12:03:21.696+05:30  INFO 7740 --- [Blood_bank_management_Demo] [http-nio-9090-exec-5] c.c.d.service.MyUserDetailsServiceImpl   : Service method is invoking {"userId":null,"firstName":"sonu","lastName":"sonu","bloodGroup":"B+","city":"Hyderabad","email":"sonu@gamil.com","phoneNumber":"5678876567","userType":"Requester","passwordHash":"123"}
2025-04-24T12:03:33.117+05:30  INFO 7740 --- [Blood_bank_management_Demo] [http-nio-9090-exec-6] c.c.d.controller.UserDetailsController   : Cusor enter in to getUserDetailsById controller 2
2025-04-24T12:03:33.119+05:30  INFO 7740 --- [Blood_bank_management_Demo] [http-nio-9090-exec-6] c.c.d.service.MyUserDetailsServiceImpl   : Cursor Enter in to getUserDetailsById inside service ====>  2
2025-04-24T12:07:11.467+05:30  INFO 7740 --- [Blood_bank_management_Demo] [http-nio-9090-exec-10] c.c.d.controller.UserDetailsController   : <==== Cusor enter in to userController method inside ====>  {"userId":null,"firstName":"pavitra","lastName":"pavi","bloodGroup":"O+","city":"Odisha","email":"pavi@gamil.com","phoneNumber":"5678876567","userType":"Admin","passwordHash":"123"}
2025-04-24T12:07:11.468+05:30  INFO 7740 --- [Blood_bank_management_Demo] [http-nio-9090-exec-10] c.c.d.service.MyUserDetailsServiceImpl   : Service method is invoking {"userId":null,"firstName":"pavitra","lastName":"pavi","bloodGroup":"O+","city":"Odisha","email":"pavi@gamil.com","phoneNumber":"5678876567","userType":"Admin","passwordHash":"123"}
2025-04-24T12:07:24.001+05:30  INFO 7740 --- [Blood_bank_management_Demo] [http-nio-9090-exec-4] c.c.d.controller.UserDetailsController   : Cusor enter in to getUserDetailsById controller 3
2025-04-24T12:07:24.001+05:30  INFO 7740 --- [Blood_bank_management_Demo] [http-nio-9090-exec-4] c.c.d.service.MyUserDetailsServiceImpl   : Cursor Enter in to getUserDetailsById inside service ====>  3
2025-04-24T12:12:06.441+05:30  INFO 7740 --- [Blood_bank_management_Demo] [http-nio-9090-exec-3] c.c.d.controller.UserDetailsController   : Cusor enter in to getUserDetailsById controller 1
2025-04-24T12:12:06.442+05:30  INFO 7740 --- [Blood_bank_management_Demo] [http-nio-9090-exec-3] c.c.d.service.MyUserDetailsServiceImpl   : Cursor Enter in to getUserDetailsById inside service ====>  1
2025-04-24T12:12:14.865+05:30  INFO 7740 --- [Blood_bank_management_Demo] [http-nio-9090-exec-8] c.c.d.controller.UserDetailsController   : Cusor enter in to getUserDetailsById controller 2
2025-04-24T12:12:14.866+05:30  INFO 7740 --- [Blood_bank_management_Demo] [http-nio-9090-exec-8] c.c.d.service.MyUserDetailsServiceImpl   : Cursor Enter in to getUserDetailsById inside service ====>  2
2025-04-24T12:12:21.585+05:30  INFO 7740 --- [Blood_bank_management_Demo] [http-nio-9090-exec-1] c.c.d.controller.UserDetailsController   : Cusor enter in to getUserDetailsById controller 7
2025-04-24T12:12:21.585+05:30  INFO 7740 --- [Blood_bank_management_Demo] [http-nio-9090-exec-1] c.c.d.service.MyUserDetailsServiceImpl   : Cursor Enter in to getUserDetailsById inside service ====>  7
2025-04-24T12:12:21.602+05:30  WARN 7740 --- [Blood_bank_management_Demo] [http-nio-9090-exec-1] .m.m.a.ExceptionHandlerExceptionResolver : Resolved [com.capstone.demo.exception.UserNotFoundException: User Not Found With this ID 7]
2025-04-24T12:12:29.550+05:30  INFO 7740 --- [Blood_bank_management_Demo] [http-nio-9090-exec-2] c.c.d.controller.UserDetailsController   : Cusor enter in to getUserDetailsById controller 2
2025-04-24T12:12:29.552+05:30  INFO 7740 --- [Blood_bank_management_Demo] [http-nio-9090-exec-2] c.c.d.service.MyUserDetailsServiceImpl   : Cursor Enter in to getUserDetailsById inside service ====>  2
2025-04-24T12:13:43.611+05:30  INFO 7740 --- [Blood_bank_management_Demo] [http-nio-9090-exec-6] c.c.d.controller.UserDetailsController   : Cusor enter in to getUserDetailsById controller 1
2025-04-24T12:13:43.615+05:30  INFO 7740 --- [Blood_bank_management_Demo] [http-nio-9090-exec-6] c.c.d.service.MyUserDetailsServiceImpl   : Cursor Enter in to getUserDetailsById inside service ====>  1
2025-04-24T12:16:41.143+05:30  INFO 7740 --- [Blood_bank_management_Demo] [http-nio-9090-exec-10] c.c.d.c.RequesterDetailsController       : Cusor enter in to save Requester details method inside {"id":null,"requesterId":{"userId":2,"firstName":"sonu","lastName":"sonu","bloodGroup":"B+","city":"Hyderabad","email":"sonu@gamil.com","phoneNumber":"5678876567","userType":"Requester","passwordHash":"123"},"donarId":{"userId":1,"firstName":"shaik 1234","lastName":"ismail","bloodGroup":"B+","city":"Kurnool","email":"shaik@gamil.com","phoneNumber":"9052665430","userType":"Donar","passwordHash":"123"},"patientName":"satish","requiredBloodGroup":"B+","city":"Chenni","doctorName":"SatishDoctor","hospitalName":"Satisha Hospital","hospitalAddress":"1Q- chennai","requiredDate":"12-23-2342","contactName":"satish friend","contactNumber":"56789765678","contactEmail":"friend@gmail.com","message":"donate blood save life ...!","status":"pending"}
2025-04-24T12:16:41.144+05:30  INFO 7740 --- [Blood_bank_management_Demo] [http-nio-9090-exec-10] c.c.d.s.RequesterDetailsServiceImpl      : Curser enter in to Save Request detaisl method inside service 
2025-04-24T12:23:23.963+05:30  INFO 7740 --- [Blood_bank_management_Demo] [File Watcher] rtingClassPathChangeChangedEventListener : Restarting due to 2 class path changes (0 additions, 0 deletions, 2 modifications)
2025-04-24T12:23:23.974+05:30  INFO 7740 --- [Blood_bank_management_Demo] [Thread-7] o.s.b.w.e.tomcat.GracefulShutdown        : Commencing graceful shutdown. Waiting for active requests to complete
2025-04-24T12:23:24.001+05:30  INFO 7740 --- [Blood_bank_management_Demo] [tomcat-shutdown] o.s.b.w.e.tomcat.GracefulShutdown        : Graceful shutdown complete
2025-04-24T12:23:24.020+05:30  INFO 7740 --- [Blood_bank_management_Demo] [Thread-7] j.LocalContainerEntityManagerFactoryBean : Closing JPA EntityManagerFactory for persistence unit 'default'
2025-04-24T12:23:24.023+05:30  INFO 7740 --- [Blood_bank_management_Demo] [Thread-7] com.zaxxer.hikari.HikariDataSource       : HikariPool-2 - Shutdown initiated...
2025-04-24T12:23:24.100+05:30  INFO 7740 --- [Blood_bank_management_Demo] [Thread-7] com.zaxxer.hikari.HikariDataSource       : HikariPool-2 - Shutdown completed.
2025-04-24T12:23:24.905+05:30  INFO 7740 --- [Blood_bank_management_Demo] [restartedMain] c.c.d.BloodBankManagementDemoApplication : Starting BloodBankManagementDemoApplication using Java 21.0.5 with PID 7740 (C:\Users\shaik-ismail\OneDrive - HCL TECHNOLOGIES LIMITED\Desktop\Pull project folder\blood_bank_management_system\target\classes started by shaik-ismail in C:\Users\shaik-ismail\OneDrive - HCL TECHNOLOGIES LIMITED\Desktop\Pull project folder\blood_bank_management_system)
2025-04-24T12:23:24.906+05:30  INFO 7740 --- [Blood_bank_management_Demo] [restartedMain] c.c.d.BloodBankManagementDemoApplication : No active profile set, falling back to 1 default profile: "default"
2025-04-24T12:23:28.357+05:30  INFO 7740 --- [Blood_bank_management_Demo] [restartedMain] .s.d.r.c.RepositoryConfigurationDelegate : Bootstrapping Spring Data JPA repositories in DEFAULT mode.
2025-04-24T12:23:28.876+05:30  INFO 7740 --- [Blood_bank_management_Demo] [restartedMain] .s.d.r.c.RepositoryConfigurationDelegate : Finished Spring Data repository scanning in 506 ms. Found 5 JPA repository interfaces.
2025-04-24T12:23:29.634+05:30  INFO 7740 --- [Blood_bank_management_Demo] [restartedMain] o.s.b.w.embedded.tomcat.TomcatWebServer  : Tomcat initialized with port 9090 (http)
2025-04-24T12:23:29.639+05:30  INFO 7740 --- [Blood_bank_management_Demo] [restartedMain] o.apache.catalina.core.StandardService   : Starting service [Tomcat]
2025-04-24T12:23:29.640+05:30  INFO 7740 --- [Blood_bank_management_Demo] [restartedMain] o.apache.catalina.core.StandardEngine    : Starting Servlet engine: [Apache Tomcat/10.1.39]
2025-04-24T12:23:30.015+05:30  INFO 7740 --- [Blood_bank_management_Demo] [restartedMain] o.a.c.c.C.[Tomcat].[localhost].[/]       : Initializing Spring embedded WebApplicationContext
2025-04-24T12:23:30.016+05:30  INFO 7740 --- [Blood_bank_management_Demo] [restartedMain] w.s.c.ServletWebServerApplicationContext : Root WebApplicationContext: initialization completed in 5070 ms
2025-04-24T12:23:30.350+05:30  INFO 7740 --- [Blood_bank_management_Demo] [restartedMain] o.hibernate.jpa.internal.util.LogHelper  : HHH000204: Processing PersistenceUnitInfo [name: default]
2025-04-24T12:23:30.361+05:30  INFO 7740 --- [Blood_bank_management_Demo] [restartedMain] o.h.c.internal.RegionFactoryInitiator    : HHH000026: Second-level cache disabled
2025-04-24T12:23:30.491+05:30  INFO 7740 --- [Blood_bank_management_Demo] [restartedMain] o.s.o.j.p.SpringPersistenceUnitInfo      : No LoadTimeWeaver setup: ignoring JPA class transformer
2025-04-24T12:23:30.503+05:30  INFO 7740 --- [Blood_bank_management_Demo] [restartedMain] com.zaxxer.hikari.HikariDataSource       : HikariPool-3 - Starting...
2025-04-24T12:23:30.655+05:30  INFO 7740 --- [Blood_bank_management_Demo] [restartedMain] com.zaxxer.hikari.pool.HikariPool        : HikariPool-3 - Added connection com.mysql.cj.jdbc.ConnectionImpl@4c4c1272
2025-04-24T12:23:30.657+05:30  INFO 7740 --- [Blood_bank_management_Demo] [restartedMain] com.zaxxer.hikari.HikariDataSource       : HikariPool-3 - Start completed.
2025-04-24T12:23:30.671+05:30  INFO 7740 --- [Blood_bank_management_Demo] [restartedMain] org.hibernate.orm.connections.pooling    : HHH10001005: Database info:
	Database JDBC URL [Connecting through datasource 'HikariDataSource (HikariPool-3)']
	Database driver: undefined/unknown
	Database version: 8.0.26
	Autocommit mode: undefined/unknown
	Isolation level: undefined/unknown
	Minimum pool size: undefined/unknown
	Maximum pool size: undefined/unknown
2025-04-24T12:23:31.643+05:30  INFO 7740 --- [Blood_bank_management_Demo] [restartedMain] o.h.e.t.j.p.i.JtaPlatformInitiator       : HHH000489: No JTA platform available (set 'hibernate.transaction.jta.platform' to enable JTA platform integration)
2025-04-24T12:23:31.816+05:30  INFO 7740 --- [Blood_bank_management_Demo] [restartedMain] j.LocalContainerEntityManagerFactoryBean : Initialized JPA EntityManagerFactory for persistence unit 'default'
2025-04-24T12:23:32.381+05:30  WARN 7740 --- [Blood_bank_management_Demo] [restartedMain] JpaBaseConfiguration$JpaWebConfiguration : spring.jpa.open-in-view is enabled by default. Therefore, database queries may be performed during view rendering. Explicitly configure spring.jpa.open-in-view to disable this warning
2025-04-24T12:23:32.790+05:30  WARN 7740 --- [Blood_bank_management_Demo] [restartedMain] ion$DefaultTemplateResolverConfiguration : Cannot find template location: classpath:/templates/ (please add some templates, check your Thymeleaf configuration, or set spring.thymeleaf.check-template-location=false)
2025-04-24T12:23:33.022+05:30  INFO 7740 --- [Blood_bank_management_Demo] [restartedMain] o.s.b.d.a.OptionalLiveReloadServer       : LiveReload server is running on port 35729
2025-04-24T12:23:33.123+05:30  INFO 7740 --- [Blood_bank_management_Demo] [restartedMain] o.s.b.w.embedded.tomcat.TomcatWebServer  : Tomcat started on port 9090 (http) with context path '/'
2025-04-24T12:23:33.135+05:30  INFO 7740 --- [Blood_bank_management_Demo] [restartedMain] c.c.d.BloodBankManagementDemoApplication : Started BloodBankManagementDemoApplication in 8.688 seconds (process running for 3262.219)
2025-04-24T12:23:33.138+05:30  INFO 7740 --- [Blood_bank_management_Demo] [restartedMain] .ConditionEvaluationDeltaLoggingListener : Condition evaluation unchanged
2025-04-24T12:25:34.821+05:30  INFO 7740 --- [Blood_bank_management_Demo] [File Watcher] rtingClassPathChangeChangedEventListener : Restarting due to 40 class path changes (0 additions, 3 deletions, 37 modifications)
2025-04-24T12:25:34.834+05:30  INFO 7740 --- [Blood_bank_management_Demo] [Thread-11] o.s.b.w.e.tomcat.GracefulShutdown        : Commencing graceful shutdown. Waiting for active requests to complete
2025-04-24T12:25:35.773+05:30  INFO 7740 --- [Blood_bank_management_Demo] [tomcat-shutdown] o.s.b.w.e.tomcat.GracefulShutdown        : Graceful shutdown complete
2025-04-24T12:25:35.793+05:30  INFO 7740 --- [Blood_bank_management_Demo] [Thread-11] j.LocalContainerEntityManagerFactoryBean : Closing JPA EntityManagerFactory for persistence unit 'default'
2025-04-24T12:25:35.795+05:30  INFO 7740 --- [Blood_bank_management_Demo] [Thread-11] com.zaxxer.hikari.HikariDataSource       : HikariPool-3 - Shutdown initiated...
2025-04-24T12:25:36.459+05:30  INFO 7740 --- [Blood_bank_management_Demo] [Thread-11] com.zaxxer.hikari.HikariDataSource       : HikariPool-3 - Shutdown completed.
2025-04-24T12:25:37.341+05:30  INFO 7740 --- [Blood_bank_management_Demo] [restartedMain] c.c.d.BloodBankManagementDemoApplication : Starting BloodBankManagementDemoApplication using Java 21.0.5 with PID 7740 (C:\Users\shaik-ismail\OneDrive - HCL TECHNOLOGIES LIMITED\Desktop\Pull project folder\blood_bank_management_system\target\classes started by shaik-ismail in C:\Users\shaik-ismail\OneDrive - HCL TECHNOLOGIES LIMITED\Desktop\Pull project folder\blood_bank_management_system)
2025-04-24T12:25:37.345+05:30  INFO 7740 --- [Blood_bank_management_Demo] [restartedMain] c.c.d.BloodBankManagementDemoApplication : No active profile set, falling back to 1 default profile: "default"
2025-04-24T12:25:39.693+05:30  INFO 7740 --- [Blood_bank_management_Demo] [restartedMain] .s.d.r.c.RepositoryConfigurationDelegate : Bootstrapping Spring Data JPA repositories in DEFAULT mode.
2025-04-24T12:25:40.470+05:30  INFO 7740 --- [Blood_bank_management_Demo] [restartedMain] .s.d.r.c.RepositoryConfigurationDelegate : Finished Spring Data repository scanning in 767 ms. Found 5 JPA repository interfaces.
2025-04-24T12:25:41.191+05:30  INFO 7740 --- [Blood_bank_management_Demo] [restartedMain] o.s.b.w.embedded.tomcat.TomcatWebServer  : Tomcat initialized with port 9090 (http)
2025-04-24T12:25:41.196+05:30  INFO 7740 --- [Blood_bank_management_Demo] [restartedMain] o.apache.catalina.core.StandardService   : Starting service [Tomcat]
2025-04-24T12:25:41.197+05:30  INFO 7740 --- [Blood_bank_management_Demo] [restartedMain] o.apache.catalina.core.StandardEngine    : Starting Servlet engine: [Apache Tomcat/10.1.39]
2025-04-24T12:25:41.664+05:30  INFO 7740 --- [Blood_bank_management_Demo] [restartedMain] o.a.c.c.C.[Tomcat].[localhost].[/]       : Initializing Spring embedded WebApplicationContext
2025-04-24T12:25:41.665+05:30  INFO 7740 --- [Blood_bank_management_Demo] [restartedMain] w.s.c.ServletWebServerApplicationContext : Root WebApplicationContext: initialization completed in 4307 ms
2025-04-24T12:25:41.913+05:30  INFO 7740 --- [Blood_bank_management_Demo] [restartedMain] o.hibernate.jpa.internal.util.LogHelper  : HHH000204: Processing PersistenceUnitInfo [name: default]
2025-04-24T12:25:41.924+05:30  INFO 7740 --- [Blood_bank_management_Demo] [restartedMain] o.h.c.internal.RegionFactoryInitiator    : HHH000026: Second-level cache disabled
2025-04-24T12:25:41.969+05:30  INFO 7740 --- [Blood_bank_management_Demo] [restartedMain] o.s.o.j.p.SpringPersistenceUnitInfo      : No LoadTimeWeaver setup: ignoring JPA class transformer
2025-04-24T12:25:41.972+05:30  INFO 7740 --- [Blood_bank_management_Demo] [restartedMain] com.zaxxer.hikari.HikariDataSource       : HikariPool-4 - Starting...
2025-04-24T12:25:42.379+05:30  INFO 7740 --- [Blood_bank_management_Demo] [restartedMain] com.zaxxer.hikari.pool.HikariPool        : HikariPool-4 - Added connection com.mysql.cj.jdbc.ConnectionImpl@359c29a5
2025-04-24T12:25:42.380+05:30  INFO 7740 --- [Blood_bank_management_Demo] [restartedMain] com.zaxxer.hikari.HikariDataSource       : HikariPool-4 - Start completed.
2025-04-24T12:25:42.398+05:30  INFO 7740 --- [Blood_bank_management_Demo] [restartedMain] org.hibernate.orm.connections.pooling    : HHH10001005: Database info:
	Database JDBC URL [Connecting through datasource 'HikariDataSource (HikariPool-4)']
	Database driver: undefined/unknown
	Database version: 8.0.26
	Autocommit mode: undefined/unknown
	Isolation level: undefined/unknown
	Minimum pool size: undefined/unknown
	Maximum pool size: undefined/unknown
2025-04-24T12:25:43.188+05:30  INFO 7740 --- [Blood_bank_management_Demo] [restartedMain] o.h.e.t.j.p.i.JtaPlatformInitiator       : HHH000489: No JTA platform available (set 'hibernate.transaction.jta.platform' to enable JTA platform integration)
2025-04-24T12:25:44.127+05:30  INFO 7740 --- [Blood_bank_management_Demo] [restartedMain] j.LocalContainerEntityManagerFactoryBean : Initialized JPA EntityManagerFactory for persistence unit 'default'
2025-04-24T12:25:46.221+05:30  WARN 7740 --- [Blood_bank_management_Demo] [restartedMain] JpaBaseConfiguration$JpaWebConfiguration : spring.jpa.open-in-view is enabled by default. Therefore, database queries may be performed during view rendering. Explicitly configure spring.jpa.open-in-view to disable this warning
2025-04-24T12:25:51.906+05:30  WARN 7740 --- [Blood_bank_management_Demo] [restartedMain] ion$DefaultTemplateResolverConfiguration : Cannot find template location: classpath:/templates/ (please add some templates, check your Thymeleaf configuration, or set spring.thymeleaf.check-template-location=false)
2025-04-24T12:25:52.432+05:30  INFO 7740 --- [Blood_bank_management_Demo] [restartedMain] o.s.b.d.a.OptionalLiveReloadServer       : LiveReload server is running on port 35729
2025-04-24T12:25:52.529+05:30  INFO 7740 --- [Blood_bank_management_Demo] [restartedMain] o.s.b.w.embedded.tomcat.TomcatWebServer  : Tomcat started on port 9090 (http) with context path '/'
2025-04-24T12:25:52.546+05:30  INFO 7740 --- [Blood_bank_management_Demo] [restartedMain] c.c.d.BloodBankManagementDemoApplication : Started BloodBankManagementDemoApplication in 15.572 seconds (process running for 3401.632)
2025-04-24T12:25:52.551+05:30  INFO 7740 --- [Blood_bank_management_Demo] [restartedMain] .ConditionEvaluationDeltaLoggingListener : Condition evaluation unchanged
2025-04-24T12:25:55.109+05:30  INFO 7740 --- [Blood_bank_management_Demo] [File Watcher] rtingClassPathChangeChangedEventListener : Restarting due to 5 class path changes (3 additions, 0 deletions, 2 modifications)
2025-04-24T12:25:55.125+05:30  INFO 7740 --- [Blood_bank_management_Demo] [Thread-15] o.s.b.w.e.tomcat.GracefulShutdown        : Commencing graceful shutdown. Waiting for active requests to complete
2025-04-24T12:25:55.326+05:30  INFO 7740 --- [Blood_bank_management_Demo] [tomcat-shutdown] o.s.b.w.e.tomcat.GracefulShutdown        : Graceful shutdown complete
2025-04-24T12:25:55.348+05:30  INFO 7740 --- [Blood_bank_management_Demo] [Thread-15] j.LocalContainerEntityManagerFactoryBean : Closing JPA EntityManagerFactory for persistence unit 'default'
2025-04-24T12:25:55.349+05:30  INFO 7740 --- [Blood_bank_management_Demo] [Thread-15] com.zaxxer.hikari.HikariDataSource       : HikariPool-4 - Shutdown initiated...
2025-04-24T12:25:55.502+05:30  INFO 7740 --- [Blood_bank_management_Demo] [Thread-15] com.zaxxer.hikari.HikariDataSource       : HikariPool-4 - Shutdown completed.
2025-04-24T12:25:55.945+05:30  INFO 7740 --- [Blood_bank_management_Demo] [restartedMain] c.c.d.BloodBankManagementDemoApplication : Starting BloodBankManagementDemoApplication using Java 21.0.5 with PID 7740 (C:\Users\shaik-ismail\OneDrive - HCL TECHNOLOGIES LIMITED\Desktop\Pull project folder\blood_bank_management_system\target\classes started by shaik-ismail in C:\Users\shaik-ismail\OneDrive - HCL TECHNOLOGIES LIMITED\Desktop\Pull project folder\blood_bank_management_system)
2025-04-24T12:25:55.947+05:30  INFO 7740 --- [Blood_bank_management_Demo] [restartedMain] c.c.d.BloodBankManagementDemoApplication : No active profile set, falling back to 1 default profile: "default"
2025-04-24T12:25:57.595+05:30  INFO 7740 --- [Blood_bank_management_Demo] [restartedMain] .s.d.r.c.RepositoryConfigurationDelegate : Bootstrapping Spring Data JPA repositories in DEFAULT mode.
2025-04-24T12:25:57.925+05:30  INFO 7740 --- [Blood_bank_management_Demo] [restartedMain] .s.d.r.c.RepositoryConfigurationDelegate : Finished Spring Data repository scanning in 327 ms. Found 5 JPA repository interfaces.
2025-04-24T12:25:58.410+05:30  INFO 7740 --- [Blood_bank_management_Demo] [restartedMain] o.s.b.w.embedded.tomcat.TomcatWebServer  : Tomcat initialized with port 9090 (http)
2025-04-24T12:25:58.414+05:30  INFO 7740 --- [Blood_bank_management_Demo] [restartedMain] o.apache.catalina.core.StandardService   : Starting service [Tomcat]
2025-04-24T12:25:58.415+05:30  INFO 7740 --- [Blood_bank_management_Demo] [restartedMain] o.apache.catalina.core.StandardEngine    : Starting Servlet engine: [Apache Tomcat/10.1.39]
2025-04-24T12:25:58.734+05:30  INFO 7740 --- [Blood_bank_management_Demo] [restartedMain] o.a.c.c.C.[Tomcat].[localhost].[/]       : Initializing Spring embedded WebApplicationContext
2025-04-24T12:25:58.734+05:30  INFO 7740 --- [Blood_bank_management_Demo] [restartedMain] w.s.c.ServletWebServerApplicationContext : Root WebApplicationContext: initialization completed in 2780 ms
2025-04-24T12:25:58.991+05:30  INFO 7740 --- [Blood_bank_management_Demo] [restartedMain] o.hibernate.jpa.internal.util.LogHelper  : HHH000204: Processing PersistenceUnitInfo [name: default]
2025-04-24T12:25:59.000+05:30  INFO 7740 --- [Blood_bank_management_Demo] [restartedMain] o.h.c.internal.RegionFactoryInitiator    : HHH000026: Second-level cache disabled
2025-04-24T12:25:59.037+05:30  INFO 7740 --- [Blood_bank_management_Demo] [restartedMain] o.s.o.j.p.SpringPersistenceUnitInfo      : No LoadTimeWeaver setup: ignoring JPA class transformer
2025-04-24T12:25:59.040+05:30  INFO 7740 --- [Blood_bank_management_Demo] [restartedMain] com.zaxxer.hikari.HikariDataSource       : HikariPool-5 - Starting...
2025-04-24T12:25:59.144+05:30  INFO 7740 --- [Blood_bank_management_Demo] [restartedMain] com.zaxxer.hikari.pool.HikariPool        : HikariPool-5 - Added connection com.mysql.cj.jdbc.ConnectionImpl@1f53b515
2025-04-24T12:25:59.145+05:30  INFO 7740 --- [Blood_bank_management_Demo] [restartedMain] com.zaxxer.hikari.HikariDataSource       : HikariPool-5 - Start completed.
2025-04-24T12:25:59.150+05:30  INFO 7740 --- [Blood_bank_management_Demo] [restartedMain] org.hibernate.orm.connections.pooling    : HHH10001005: Database info:
	Database JDBC URL [Connecting through datasource 'HikariDataSource (HikariPool-5)']
	Database driver: undefined/unknown
	Database version: 8.0.26
	Autocommit mode: undefined/unknown
	Isolation level: undefined/unknown
	Minimum pool size: undefined/unknown
	Maximum pool size: undefined/unknown
2025-04-24T12:25:59.680+05:30  INFO 7740 --- [Blood_bank_management_Demo] [restartedMain] o.h.e.t.j.p.i.JtaPlatformInitiator       : HHH000489: No JTA platform available (set 'hibernate.transaction.jta.platform' to enable JTA platform integration)
2025-04-24T12:25:59.808+05:30  INFO 7740 --- [Blood_bank_management_Demo] [restartedMain] j.LocalContainerEntityManagerFactoryBean : Initialized JPA EntityManagerFactory for persistence unit 'default'
2025-04-24T12:26:00.401+05:30  WARN 7740 --- [Blood_bank_management_Demo] [restartedMain] JpaBaseConfiguration$JpaWebConfiguration : spring.jpa.open-in-view is enabled by default. Therefore, database queries may be performed during view rendering. Explicitly configure spring.jpa.open-in-view to disable this warning
2025-04-24T12:26:00.791+05:30  WARN 7740 --- [Blood_bank_management_Demo] [restartedMain] ion$DefaultTemplateResolverConfiguration : Cannot find template location: classpath:/templates/ (please add some templates, check your Thymeleaf configuration, or set spring.thymeleaf.check-template-location=false)
2025-04-24T12:26:01.044+05:30  INFO 7740 --- [Blood_bank_management_Demo] [restartedMain] o.s.b.d.a.OptionalLiveReloadServer       : LiveReload server is running on port 35729
2025-04-24T12:26:01.234+05:30  INFO 7740 --- [Blood_bank_management_Demo] [restartedMain] o.s.b.w.embedded.tomcat.TomcatWebServer  : Tomcat started on port 9090 (http) with context path '/'
2025-04-24T12:26:02.179+05:30  INFO 7740 --- [Blood_bank_management_Demo] [restartedMain] c.c.d.BloodBankManagementDemoApplication : Started BloodBankManagementDemoApplication in 6.389 seconds (process running for 3411.264)
2025-04-24T12:26:02.185+05:30  INFO 7740 --- [Blood_bank_management_Demo] [restartedMain] .ConditionEvaluationDeltaLoggingListener : Condition evaluation unchanged
2025-04-24T12:26:14.514+05:30  INFO 7740 --- [Blood_bank_management_Demo] [File Watcher] rtingClassPathChangeChangedEventListener : Restarting due to 40 class path changes (0 additions, 3 deletions, 37 modifications)
2025-04-24T12:26:15.224+05:30  INFO 7740 --- [Blood_bank_management_Demo] [Thread-19] o.s.b.w.e.tomcat.GracefulShutdown        : Commencing graceful shutdown. Waiting for active requests to complete
2025-04-24T12:26:15.313+05:30  INFO 7740 --- [Blood_bank_management_Demo] [tomcat-shutdown] o.s.b.w.e.tomcat.GracefulShutdown        : Graceful shutdown complete
2025-04-24T12:26:15.377+05:30  INFO 7740 --- [Blood_bank_management_Demo] [Thread-19] j.LocalContainerEntityManagerFactoryBean : Closing JPA EntityManagerFactory for persistence unit 'default'
2025-04-24T12:26:15.382+05:30  INFO 7740 --- [Blood_bank_management_Demo] [Thread-19] com.zaxxer.hikari.HikariDataSource       : HikariPool-5 - Shutdown initiated...
2025-04-24T12:26:15.516+05:30  INFO 7740 --- [Blood_bank_management_Demo] [Thread-19] com.zaxxer.hikari.HikariDataSource       : HikariPool-5 - Shutdown completed.
2025-04-24T12:26:18.544+05:30  INFO 7740 --- [Blood_bank_management_Demo] [restartedMain] c.c.d.BloodBankManagementDemoApplication : Starting BloodBankManagementDemoApplication using Java 21.0.5 with PID 7740 (C:\Users\shaik-ismail\OneDrive - HCL TECHNOLOGIES LIMITED\Desktop\Pull project folder\blood_bank_management_system\target\classes started by shaik-ismail in C:\Users\shaik-ismail\OneDrive - HCL TECHNOLOGIES LIMITED\Desktop\Pull project folder\blood_bank_management_system)
2025-04-24T12:26:18.546+05:30  INFO 7740 --- [Blood_bank_management_Demo] [restartedMain] c.c.d.BloodBankManagementDemoApplication : No active profile set, falling back to 1 default profile: "default"
2025-04-24T12:26:21.692+05:30  INFO 7740 --- [Blood_bank_management_Demo] [restartedMain] .s.d.r.c.RepositoryConfigurationDelegate : Bootstrapping Spring Data JPA repositories in DEFAULT mode.
2025-04-24T12:26:22.303+05:30  INFO 7740 --- [Blood_bank_management_Demo] [restartedMain] .s.d.r.c.RepositoryConfigurationDelegate : Finished Spring Data repository scanning in 604 ms. Found 5 JPA repository interfaces.
2025-04-24T12:26:22.857+05:30  INFO 7740 --- [Blood_bank_management_Demo] [restartedMain] o.s.b.w.embedded.tomcat.TomcatWebServer  : Tomcat initialized with port 9090 (http)
2025-04-24T12:26:22.859+05:30  INFO 7740 --- [Blood_bank_management_Demo] [restartedMain] o.apache.catalina.core.StandardService   : Starting service [Tomcat]
2025-04-24T12:26:22.859+05:30  INFO 7740 --- [Blood_bank_management_Demo] [restartedMain] o.apache.catalina.core.StandardEngine    : Starting Servlet engine: [Apache Tomcat/10.1.39]
2025-04-24T12:26:23.140+05:30  INFO 7740 --- [Blood_bank_management_Demo] [restartedMain] o.a.c.c.C.[Tomcat].[localhost].[/]       : Initializing Spring embedded WebApplicationContext
2025-04-24T12:26:23.141+05:30  INFO 7740 --- [Blood_bank_management_Demo] [restartedMain] w.s.c.ServletWebServerApplicationContext : Root WebApplicationContext: initialization completed in 4544 ms
2025-04-24T12:26:23.359+05:30  INFO 7740 --- [Blood_bank_management_Demo] [restartedMain] o.hibernate.jpa.internal.util.LogHelper  : HHH000204: Processing PersistenceUnitInfo [name: default]
2025-04-24T12:26:23.393+05:30  INFO 7740 --- [Blood_bank_management_Demo] [restartedMain] o.h.c.internal.RegionFactoryInitiator    : HHH000026: Second-level cache disabled
2025-04-24T12:26:23.435+05:30  INFO 7740 --- [Blood_bank_management_Demo] [restartedMain] o.s.o.j.p.SpringPersistenceUnitInfo      : No LoadTimeWeaver setup: ignoring JPA class transformer
2025-04-24T12:26:23.437+05:30  INFO 7740 --- [Blood_bank_management_Demo] [restartedMain] com.zaxxer.hikari.HikariDataSource       : HikariPool-6 - Starting...
2025-04-24T12:26:23.554+05:30  INFO 7740 --- [Blood_bank_management_Demo] [restartedMain] com.zaxxer.hikari.pool.HikariPool        : HikariPool-6 - Added connection com.mysql.cj.jdbc.ConnectionImpl@83d2464
2025-04-24T12:26:23.555+05:30  INFO 7740 --- [Blood_bank_management_Demo] [restartedMain] com.zaxxer.hikari.HikariDataSource       : HikariPool-6 - Start completed.
2025-04-24T12:26:23.560+05:30  INFO 7740 --- [Blood_bank_management_Demo] [restartedMain] org.hibernate.orm.connections.pooling    : HHH10001005: Database info:
	Database JDBC URL [Connecting through datasource 'HikariDataSource (HikariPool-6)']
	Database driver: undefined/unknown
	Database version: 8.0.26
	Autocommit mode: undefined/unknown
	Isolation level: undefined/unknown
	Minimum pool size: undefined/unknown
	Maximum pool size: undefined/unknown
2025-04-24T12:26:24.176+05:30  INFO 7740 --- [Blood_bank_management_Demo] [restartedMain] o.h.e.t.j.p.i.JtaPlatformInitiator       : HHH000489: No JTA platform available (set 'hibernate.transaction.jta.platform' to enable JTA platform integration)
2025-04-24T12:26:24.340+05:30  INFO 7740 --- [Blood_bank_management_Demo] [restartedMain] j.LocalContainerEntityManagerFactoryBean : Initialized JPA EntityManagerFactory for persistence unit 'default'
2025-04-24T12:26:25.057+05:30  WARN 7740 --- [Blood_bank_management_Demo] [restartedMain] JpaBaseConfiguration$JpaWebConfiguration : spring.jpa.open-in-view is enabled by default. Therefore, database queries may be performed during view rendering. Explicitly configure spring.jpa.open-in-view to disable this warning
2025-04-24T12:26:25.394+05:30  WARN 7740 --- [Blood_bank_management_Demo] [restartedMain] ion$DefaultTemplateResolverConfiguration : Cannot find template location: classpath:/templates/ (please add some templates, check your Thymeleaf configuration, or set spring.thymeleaf.check-template-location=false)
2025-04-24T12:26:25.630+05:30  INFO 7740 --- [Blood_bank_management_Demo] [restartedMain] o.s.b.d.a.OptionalLiveReloadServer       : LiveReload server is running on port 35729
2025-04-24T12:26:25.773+05:30  INFO 7740 --- [Blood_bank_management_Demo] [restartedMain] o.s.b.w.embedded.tomcat.TomcatWebServer  : Tomcat started on port 9090 (http) with context path '/'
2025-04-24T12:26:25.783+05:30  INFO 7740 --- [Blood_bank_management_Demo] [restartedMain] c.c.d.BloodBankManagementDemoApplication : Started BloodBankManagementDemoApplication in 7.96 seconds (process running for 3434.868)
2025-04-24T12:26:25.787+05:30  INFO 7740 --- [Blood_bank_management_Demo] [restartedMain] .ConditionEvaluationDeltaLoggingListener : Condition evaluation unchanged
2025-04-24T12:26:27.678+05:30  INFO 7740 --- [Blood_bank_management_Demo] [File Watcher] rtingClassPathChangeChangedEventListener : Restarting due to 5 class path changes (3 additions, 0 deletions, 2 modifications)
2025-04-24T12:26:27.691+05:30  INFO 7740 --- [Blood_bank_management_Demo] [Thread-23] o.s.b.w.e.tomcat.GracefulShutdown        : Commencing graceful shutdown. Waiting for active requests to complete
2025-04-24T12:26:27.711+05:30  INFO 7740 --- [Blood_bank_management_Demo] [tomcat-shutdown] o.s.b.w.e.tomcat.GracefulShutdown        : Graceful shutdown complete
2025-04-24T12:26:27.716+05:30  INFO 7740 --- [Blood_bank_management_Demo] [Thread-23] j.LocalContainerEntityManagerFactoryBean : Closing JPA EntityManagerFactory for persistence unit 'default'
2025-04-24T12:26:27.718+05:30  INFO 7740 --- [Blood_bank_management_Demo] [Thread-23] com.zaxxer.hikari.HikariDataSource       : HikariPool-6 - Shutdown initiated...
2025-04-24T12:26:27.757+05:30  INFO 7740 --- [Blood_bank_management_Demo] [Thread-23] com.zaxxer.hikari.HikariDataSource       : HikariPool-6 - Shutdown completed.
2025-04-24T12:26:28.054+05:30  INFO 7740 --- [Blood_bank_management_Demo] [restartedMain] c.c.d.BloodBankManagementDemoApplication : Starting BloodBankManagementDemoApplication using Java 21.0.5 with PID 7740 (C:\Users\shaik-ismail\OneDrive - HCL TECHNOLOGIES LIMITED\Desktop\Pull project folder\blood_bank_management_system\target\classes started by shaik-ismail in C:\Users\shaik-ismail\OneDrive - HCL TECHNOLOGIES LIMITED\Desktop\Pull project folder\blood_bank_management_system)
2025-04-24T12:26:28.055+05:30  INFO 7740 --- [Blood_bank_management_Demo] [restartedMain] c.c.d.BloodBankManagementDemoApplication : No active profile set, falling back to 1 default profile: "default"
2025-04-24T12:26:29.060+05:30  INFO 7740 --- [Blood_bank_management_Demo] [restartedMain] .s.d.r.c.RepositoryConfigurationDelegate : Bootstrapping Spring Data JPA repositories in DEFAULT mode.
2025-04-24T12:26:29.388+05:30  INFO 7740 --- [Blood_bank_management_Demo] [restartedMain] .s.d.r.c.RepositoryConfigurationDelegate : Finished Spring Data repository scanning in 325 ms. Found 5 JPA repository interfaces.
2025-04-24T12:26:29.771+05:30  INFO 7740 --- [Blood_bank_management_Demo] [restartedMain] o.s.b.w.embedded.tomcat.TomcatWebServer  : Tomcat initialized with port 9090 (http)
2025-04-24T12:26:29.773+05:30  INFO 7740 --- [Blood_bank_management_Demo] [restartedMain] o.apache.catalina.core.StandardService   : Starting service [Tomcat]
2025-04-24T12:26:29.775+05:30  INFO 7740 --- [Blood_bank_management_Demo] [restartedMain] o.apache.catalina.core.StandardEngine    : Starting Servlet engine: [Apache Tomcat/10.1.39]
2025-04-24T12:26:30.070+05:30  INFO 7740 --- [Blood_bank_management_Demo] [restartedMain] o.a.c.c.C.[Tomcat].[localhost].[/]       : Initializing Spring embedded WebApplicationContext
2025-04-24T12:26:30.070+05:30  INFO 7740 --- [Blood_bank_management_Demo] [restartedMain] w.s.c.ServletWebServerApplicationContext : Root WebApplicationContext: initialization completed in 2011 ms
2025-04-24T12:26:30.309+05:30  INFO 7740 --- [Blood_bank_management_Demo] [restartedMain] o.hibernate.jpa.internal.util.LogHelper  : HHH000204: Processing PersistenceUnitInfo [name: default]
2025-04-24T12:26:30.318+05:30  INFO 7740 --- [Blood_bank_management_Demo] [restartedMain] o.h.c.internal.RegionFactoryInitiator    : HHH000026: Second-level cache disabled
2025-04-24T12:26:30.345+05:30  INFO 7740 --- [Blood_bank_management_Demo] [restartedMain] o.s.o.j.p.SpringPersistenceUnitInfo      : No LoadTimeWeaver setup: ignoring JPA class transformer
2025-04-24T12:26:30.346+05:30  INFO 7740 --- [Blood_bank_management_Demo] [restartedMain] com.zaxxer.hikari.HikariDataSource       : HikariPool-7 - Starting...
2025-04-24T12:26:30.397+05:30  INFO 7740 --- [Blood_bank_management_Demo] [restartedMain] com.zaxxer.hikari.pool.HikariPool        : HikariPool-7 - Added connection com.mysql.cj.jdbc.ConnectionImpl@270d42bc
2025-04-24T12:26:30.397+05:30  INFO 7740 --- [Blood_bank_management_Demo] [restartedMain] com.zaxxer.hikari.HikariDataSource       : HikariPool-7 - Start completed.
2025-04-24T12:26:30.400+05:30  INFO 7740 --- [Blood_bank_management_Demo] [restartedMain] org.hibernate.orm.connections.pooling    : HHH10001005: Database info:
	Database JDBC URL [Connecting through datasource 'HikariDataSource (HikariPool-7)']
	Database driver: undefined/unknown
	Database version: 8.0.26
	Autocommit mode: undefined/unknown
	Isolation level: undefined/unknown
	Minimum pool size: undefined/unknown
	Maximum pool size: undefined/unknown
2025-04-24T12:26:30.729+05:30  INFO 7740 --- [Blood_bank_management_Demo] [restartedMain] o.h.e.t.j.p.i.JtaPlatformInitiator       : HHH000489: No JTA platform available (set 'hibernate.transaction.jta.platform' to enable JTA platform integration)
2025-04-24T12:26:30.810+05:30  INFO 7740 --- [Blood_bank_management_Demo] [restartedMain] j.LocalContainerEntityManagerFactoryBean : Initialized JPA EntityManagerFactory for persistence unit 'default'
2025-04-24T12:26:31.196+05:30  WARN 7740 --- [Blood_bank_management_Demo] [restartedMain] JpaBaseConfiguration$JpaWebConfiguration : spring.jpa.open-in-view is enabled by default. Therefore, database queries may be performed during view rendering. Explicitly configure spring.jpa.open-in-view to disable this warning
2025-04-24T12:26:31.430+05:30  WARN 7740 --- [Blood_bank_management_Demo] [restartedMain] ion$DefaultTemplateResolverConfiguration : Cannot find template location: classpath:/templates/ (please add some templates, check your Thymeleaf configuration, or set spring.thymeleaf.check-template-location=false)
2025-04-24T12:26:31.562+05:30  INFO 7740 --- [Blood_bank_management_Demo] [restartedMain] o.s.b.d.a.OptionalLiveReloadServer       : LiveReload server is running on port 35729
2025-04-24T12:26:31.633+05:30  INFO 7740 --- [Blood_bank_management_Demo] [restartedMain] o.s.b.w.embedded.tomcat.TomcatWebServer  : Tomcat started on port 9090 (http) with context path '/'
2025-04-24T12:26:31.642+05:30  INFO 7740 --- [Blood_bank_management_Demo] [restartedMain] c.c.d.BloodBankManagementDemoApplication : Started BloodBankManagementDemoApplication in 3.676 seconds (process running for 3440.727)
2025-04-24T12:26:31.645+05:30  INFO 7740 --- [Blood_bank_management_Demo] [restartedMain] .ConditionEvaluationDeltaLoggingListener : Condition evaluation unchanged
